[0mGET / [36m302 [0m209.401 ms - 68[0m
[0mGET /article/list [36m304 [0m94.386 ms - -[0m
[0mGET /lib/bootstrap/dist/css/bootstrap.css [36m304 [0m2.890 ms - -[0m
[0mGET /lib/jquery/dist/jquery.js [36m304 [0m1.121 ms - -[0m
[0mGET /lib/bootstrap/dist/js/bootstrap.js [36m304 [0m1.234 ms - -[0m
[0mGET /lib/bootstrap/dist/css/bootstrap.css.map [36m304 [0m1.082 ms - -[0m
[0mGET /article/list [32m200 [0m29.501 ms - 6914[0m
[0mGET /lib/bootstrap/dist/css/bootstrap.css [36m304 [0m2.462 ms - -[0m
[0mGET /lib/jquery/dist/jquery.js [36m304 [0m1.949 ms - -[0m
[0mGET /lib/bootstrap/dist/js/bootstrap.js [36m304 [0m2.033 ms - -[0m
[0mGET /lib/bootstrap/dist/css/bootstrap.css.map [36m304 [0m1.441 ms - -[0m
[0mGET /article/list [32m200 [0m27.968 ms - 6884[0m
[0mGET /lib/bootstrap/dist/css/bootstrap.css [36m304 [0m1.723 ms - -[0m
[0mGET /lib/jquery/dist/jquery.js [36m304 [0m2.198 ms - -[0m
[0mGET /lib/bootstrap/dist/js/bootstrap.js [36m304 [0m1.089 ms - -[0m
[0mGET /lib/bootstrap/dist/css/bootstrap.css.map [36m304 [0m1.098 ms - -[0m
[0mGET / [36m302 [0m108.048 ms - 68[0m
[0mGET /article/list [32m200 [0m1325.971 ms - 6599[0m
[0mGET /lib/bootstrap/dist/css/bootstrap.css [32m200 [0m173.977 ms - 146010[0m
[0mGET /lib/jquery/dist/jquery.js [32m200 [0m144.709 ms - 273841[0m
[0mGET /lib/bootstrap/dist/js/bootstrap.js [32m200 [0m130.422 ms - 69707[0m
[0mGET /user/reg [32m200 [0m60.083 ms - 3666[0m
[0mGET /lib/bootstrap/dist/css/bootstrap.css [36m304 [0m3.569 ms - -[0m
[0mGET /lib/jquery/dist/jquery.js [36m304 [0m3.688 ms - -[0m
[0mGET /lib/bootstrap/dist/js/bootstrap.js [36m304 [0m4.317 ms - -[0m
[0mGET /lib/bootstrap/dist/fonts/glyphicons-halflings-regular.woff2 [32m200 [0m1.072 ms - 18028[0m
[0mGET / [36m302 [0m5.214 ms - 68[0m
[0mGET /article/list [36m304 [0m20.950 ms - -[0m
[0mGET /lib/bootstrap/dist/css/bootstrap.css [36m304 [0m2.200 ms - -[0m
[0mGET /lib/jquery/dist/jquery.js [36m304 [0m0.782 ms - -[0m
[0mGET /lib/bootstrap/dist/js/bootstrap.js [36m304 [0m0.913 ms - -[0m
[0mGET /article/list?keyword=&pageNum=2&pageSize=5&orderBy=createAt&order=-1 [32m200 [0m19.650 ms - 4951[0m
[0mGET /lib/bootstrap/dist/css/bootstrap.css [36m304 [0m1.092 ms - -[0m
[0mGET /lib/jquery/dist/jquery.js [36m304 [0m2.716 ms - -[0m
[0mGET /lib/bootstrap/dist/js/bootstrap.js [36m304 [0m1.861 ms - -[0m
[0mGET /article/list?keyword=&pageNum=2&pageSize=5&orderBy=createAt&order=1 [32m200 [0m21.179 ms - 4951[0m
[0mGET /lib/bootstrap/dist/css/bootstrap.css [36m304 [0m0.787 ms - -[0m
[0mGET /lib/jquery/dist/jquery.js [36m304 [0m0.842 ms - -[0m
[0mGET /lib/bootstrap/dist/js/bootstrap.js [36m304 [0m0.475 ms - -[0m
[0mGET /article/list?keyword=2&searchBtn=search [32m200 [0m276.167 ms - 4130[0m
[0mGET /lib/bootstrap/dist/css/bootstrap.css [36m304 [0m1.399 ms - -[0m
[0mGET /lib/jquery/dist/jquery.js [36m304 [0m1.479 ms - -[0m
[0mGET /lib/bootstrap/dist/js/bootstrap.js [36m304 [0m1.310 ms - -[0m
[0mGET /user/login [32m200 [0m23.173 ms - 2831[0m
[0mGET /lib/bootstrap/dist/css/bootstrap.css [36m304 [0m0.473 ms - -[0m
[0mGET /lib/jquery/dist/jquery.js [36m304 [0m1.420 ms - -[0m
[0mGET /lib/bootstrap/dist/js/bootstrap.js [36m304 [0m0.856 ms - -[0m
[0mGET /lib/bootstrap/dist/fonts/glyphicons-halflings-regular.woff2 [36m304 [0m1.380 ms - -[0m
[0mGET /user/reg [36m304 [0m10.983 ms - -[0m
[0mGET /lib/bootstrap/dist/css/bootstrap.css [36m304 [0m4.502 ms - -[0m
[0mGET /lib/jquery/dist/jquery.js [36m304 [0m1.919 ms - -[0m
[0mGET /lib/bootstrap/dist/js/bootstrap.js [36m304 [0m1.846 ms - -[0m
[0mGET /lib/bootstrap/dist/fonts/glyphicons-halflings-regular.woff2 [36m304 [0m0.553 ms - -[0m
[0mPOST /user/reg [36m302 [0m337.510 ms - 46[0m
[0mGET / [36m302 [0m2.257 ms - 68[0m
[0mGET /article/list [32m200 [0m9.699 ms - 6884[0m
[0mGET /lib/bootstrap/dist/css/bootstrap.css [36m304 [0m5.008 ms - -[0m
[0mGET /lib/jquery/dist/jquery.js [36m304 [0m1.005 ms - -[0m
[0mGET /lib/bootstrap/dist/js/bootstrap.js [36m304 [0m1.110 ms - -[0m
[0mGET /lib/bootstrap/dist/css/bootstrap.css [36m304 [0m0.470 ms - -[0m
[0mGET /lib/bootstrap/dist/css/bootstrap.css.map [32m200 [0m1.158 ms - 389287[0m
[0mGET /article/list [32m200 [0m83.376 ms - 6939[0m
[0mGET /lib/bootstrap/dist/css/bootstrap.css [36m304 [0m3.364 ms - -[0m
[0mGET /lib/jquery/dist/jquery.js [36m304 [0m5.377 ms - -[0m
[0mGET /lib/bootstrap/dist/js/bootstrap.js [36m304 [0m3.385 ms - -[0m
[0mGET /lib/bootstrap/dist/css/bootstrap.css.map [36m304 [0m0.816 ms - -[0m
[0mGET /article/list [32m200 [0m78.227 ms - 6884[0m
[0mGET /lib/bootstrap/dist/css/bootstrap.css [36m304 [0m6.375 ms - -[0m
[0mGET /lib/jquery/dist/jquery.js [36m304 [0m7.353 ms - -[0m
[0mGET /lib/bootstrap/dist/js/bootstrap.js [36m304 [0m6.568 ms - -[0m
[0mGET /lib/bootstrap/dist/css/bootstrap.css.map [36m304 [0m0.975 ms - -[0m
[0mGET /article/list?keyword=&pageNum=2&pageSize=5&orderBy=createAt&order=-1 [32m200 [0m31.515 ms - 5236[0m
[0mGET /lib/bootstrap/dist/css/bootstrap.css [36m304 [0m2.649 ms - -[0m
[0mGET /lib/jquery/dist/jquery.js [36m304 [0m0.619 ms - -[0m
[0mGET /lib/bootstrap/dist/js/bootstrap.js [36m304 [0m1.355 ms - -[0m
[0mGET /lib/bootstrap/dist/css/bootstrap.css.map [36m304 [0m0.463 ms - -[0m
[0mGET /article/list?keyword=&pageNum=1&pageSize=5&orderBy=createAt&order=-1 [32m200 [0m16.752 ms - 6884[0m
[0mGET /lib/bootstrap/dist/css/bootstrap.css [36m304 [0m0.657 ms - -[0m
[0mGET /lib/jquery/dist/jquery.js [36m304 [0m0.674 ms - -[0m
[0mGET /lib/bootstrap/dist/js/bootstrap.js [36m304 [0m0.592 ms - -[0m
[0mGET /lib/bootstrap/dist/css/bootstrap.css.map [36m304 [0m3.251 ms - -[0m
[0mGET /article/list?keyword=&pageNum=2&pageSize=5&orderBy=createAt&order=-1 [36m304 [0m18.126 ms - -[0m
[0mGET /lib/bootstrap/dist/css/bootstrap.css [36m304 [0m0.879 ms - -[0m
[0mGET /lib/jquery/dist/jquery.js [36m304 [0m2.387 ms - -[0m
[0mGET /lib/bootstrap/dist/js/bootstrap.js [36m304 [0m2.935 ms - -[0m
[0mGET /lib/bootstrap/dist/css/bootstrap.css.map [36m304 [0m0.569 ms - -[0m
[0mGET /article/list?keyword=&pageNum=2&pageSize=5&orderBy=createAt&order=-1 [32m200 [0m23.043 ms - 5275[0m
[0mGET /lib/bootstrap/dist/css/bootstrap.css [36m304 [0m4.763 ms - -[0m
[0mGET /lib/jquery/dist/jquery.js [36m304 [0m3.531 ms - -[0m
[0mGET /lib/bootstrap/dist/js/bootstrap.js [36m304 [0m3.355 ms - -[0m
[0mGET /lib/bootstrap/dist/css/bootstrap.css.map [36m304 [0m0.705 ms - -[0m
[0mGET /article/list?keyword=&pageNum=2&pageSize=5&orderBy=createAt&order=-1 [32m200 [0m95.496 ms - 5236[0m
[0mGET /lib/bootstrap/dist/css/bootstrap.css [36m304 [0m4.928 ms - -[0m
[0mGET /lib/jquery/dist/jquery.js [36m304 [0m2.110 ms - -[0m
[0mGET /lib/bootstrap/dist/js/bootstrap.js [36m304 [0m2.336 ms - -[0m
[0mGET /lib/bootstrap/dist/css/bootstrap.css.map [36m304 [0m0.815 ms - -[0m
[0mGET /article/list?keyword=&pageNum=1&pageSize=5&orderBy=createAt&order=-1 [36m304 [0m31.145 ms - -[0m
[0mGET /lib/bootstrap/dist/css/bootstrap.css [36m304 [0m4.327 ms - -[0m
[0mGET /lib/jquery/dist/jquery.js [36m304 [0m3.751 ms - -[0m
[0mGET /lib/bootstrap/dist/js/bootstrap.js [36m304 [0m3.334 ms - -[0m
[0mGET /lib/bootstrap/dist/css/bootstrap.css.map [36m304 [0m0.776 ms - -[0m
[0mGET /article/list?keyword=&pageNum=2&pageSize=5&orderBy=createAt&order=-1 [36m304 [0m15.481 ms - -[0m
[0mGET /lib/bootstrap/dist/css/bootstrap.css [36m304 [0m4.575 ms - -[0m
[0mGET /lib/jquery/dist/jquery.js [36m304 [0m1.246 ms - -[0m
[0mGET /lib/bootstrap/dist/js/bootstrap.js [36m304 [0m2.971 ms - -[0m
[0mGET /lib/bootstrap/dist/css/bootstrap.css.map [36m304 [0m0.824 ms - -[0m
[0mGET /article/list?keyword=&pageNum=2&pageSize=5&orderBy=createAt&order=-1 [36m304 [0m22.452 ms - -[0m
[0mGET /lib/bootstrap/dist/css/bootstrap.css [36m304 [0m5.642 ms - -[0m
[0mGET /lib/jquery/dist/jquery.js [36m304 [0m3.187 ms - -[0m
[0mGET /lib/bootstrap/dist/js/bootstrap.js [36m304 [0m0.622 ms - -[0m
[0mGET /lib/bootstrap/dist/css/bootstrap.css.map [36m304 [0m0.794 ms - -[0m
[0mGET /article/list?keyword=&pageNum=2&pageSize=10&orderBy=createAt&order=-1 [32m200 [0m8.374 ms - 4036[0m
[0mGET /lib/bootstrap/dist/css/bootstrap.css [36m304 [0m0.711 ms - -[0m
[0mGET /lib/jquery/dist/jquery.js [36m304 [0m4.200 ms - -[0m
[0mGET /lib/bootstrap/dist/js/bootstrap.js [36m304 [0m1.206 ms - -[0m
[0mGET /lib/bootstrap/dist/css/bootstrap.css.map [36m304 [0m0.483 ms - -[0m
[0mGET /article/list?keyword=&pageNum=1&pageSize=10&orderBy=createAt&order=-1 [32m200 [0m21.982 ms - 7725[0m
[0mGET /lib/bootstrap/dist/css/bootstrap.css [36m304 [0m3.500 ms - -[0m
[0mGET /lib/jquery/dist/jquery.js [36m304 [0m0.494 ms - -[0m
[0mGET /lib/bootstrap/dist/js/bootstrap.js [36m304 [0m1.027 ms - -[0m
[0mGET /lib/bootstrap/dist/css/bootstrap.css.map [36m304 [0m0.817 ms - -[0m
[0mGET /article/list?keyword=&pageNum=1&pageSize=5&orderBy=createAt&order=-1 [36m304 [0m18.496 ms - -[0m
[0mGET /lib/bootstrap/dist/css/bootstrap.css [36m304 [0m1.142 ms - -[0m
[0mGET /lib/jquery/dist/jquery.js [36m304 [0m1.386 ms - -[0m
[0mGET /lib/bootstrap/dist/js/bootstrap.js [36m304 [0m7.308 ms - -[0m
[0mGET /lib/bootstrap/dist/css/bootstrap.css.map [36m304 [0m0.867 ms - -[0m
[0mGET /article/list?keyword=&pageNum=2&pageSize=5&orderBy=createAt&order=-1 [36m304 [0m12.714 ms - -[0m
[0mGET /lib/bootstrap/dist/css/bootstrap.css [36m304 [0m1.008 ms - -[0m
[0mGET /lib/jquery/dist/jquery.js [36m304 [0m3.599 ms - -[0m
[0mGET /lib/bootstrap/dist/js/bootstrap.js [36m304 [0m2.256 ms - -[0m
[0mGET /lib/bootstrap/dist/css/bootstrap.css.map [36m304 [0m1.161 ms - -[0m
[0mGET /article/list?keyword=&pageNum=1&pageSize=5&orderBy=createAt&order=-1 [36m304 [0m11.578 ms - -[0m
[0mGET /lib/bootstrap/dist/css/bootstrap.css [36m304 [0m0.537 ms - -[0m
[0mGET /lib/jquery/dist/jquery.js [36m304 [0m2.559 ms - -[0m
[0mGET /lib/bootstrap/dist/js/bootstrap.js [36m304 [0m5.422 ms - -[0m
[0mGET /lib/bootstrap/dist/css/bootstrap.css.map [36m304 [0m1.312 ms - -[0m
[0mGET /article/list?keyword=&pageNum=1&pageSize=10&orderBy=createAt&order=-1 [36m304 [0m18.279 ms - -[0m
[0mGET /lib/bootstrap/dist/css/bootstrap.css [36m304 [0m9.412 ms - -[0m
[0mGET /lib/jquery/dist/jquery.js [36m304 [0m5.333 ms - -[0m
[0mGET /lib/bootstrap/dist/js/bootstrap.js [36m304 [0m4.178 ms - -[0m
[0mGET /lib/bootstrap/dist/css/bootstrap.css.map [36m304 [0m1.125 ms - -[0m
[0mGET /article/list?keyword=&pageNum=1&pageSize=10&orderBy=createAt&order=-1 [32m200 [0m14.880 ms - 7739[0m
[0mGET /lib/bootstrap/dist/css/bootstrap.css [36m304 [0m0.639 ms - -[0m
[0mGET /lib/jquery/dist/jquery.js [36m304 [0m0.525 ms - -[0m
[0mGET /lib/bootstrap/dist/js/bootstrap.js [36m304 [0m0.393 ms - -[0m
[0mGET /lib/bootstrap/dist/css/bootstrap.css.map [36m304 [0m0.908 ms - -[0m
[0mGET /article/list?keyword=&pageNum=1&pageSize=10&orderBy=createAt&order=-1 [36m304 [0m20.884 ms - -[0m
[0mGET /lib/bootstrap/dist/css/bootstrap.css [36m304 [0m0.963 ms - -[0m
[0mGET /lib/jquery/dist/jquery.js [36m304 [0m3.275 ms - -[0m
[0mGET /lib/bootstrap/dist/js/bootstrap.js [36m304 [0m2.102 ms - -[0m
[0mGET /lib/bootstrap/dist/css/bootstrap.css.map [36m304 [0m1.112 ms - -[0m
[0mGET /article/list?keyword=&pageNum=1&pageSize=10&orderBy=createAt&order=-1 [36m304 [0m22.630 ms - -[0m
[0mGET /lib/bootstrap/dist/css/bootstrap.css [36m304 [0m1.589 ms - -[0m
[0mGET /lib/jquery/dist/jquery.js [36m304 [0m3.371 ms - -[0m
[0mGET /lib/bootstrap/dist/js/bootstrap.js [36m304 [0m2.632 ms - -[0m
[0mGET /lib/bootstrap/dist/css/bootstrap.css.map [36m304 [0m0.959 ms - -[0m
[0mGET /article/list?keyword=&pageNum=1&pageSize=10&orderBy=createAt&order=-1 [32m200 [0m29.157 ms - 7725[0m
[0mGET /lib/bootstrap/dist/css/bootstrap.css [36m304 [0m3.042 ms - -[0m
[0mGET /lib/jquery/dist/jquery.js [36m304 [0m2.923 ms - -[0m
[0mGET /lib/bootstrap/dist/js/bootstrap.js [36m304 [0m1.621 ms - -[0m
[0mGET /lib/bootstrap/dist/css/bootstrap.css.map [36m304 [0m0.828 ms - -[0m
[0mGET /article/list?keyword=&pageNum=1&pageSize=5&orderBy=createAt&order=-1 [36m304 [0m18.663 ms - -[0m
[0mGET /lib/bootstrap/dist/css/bootstrap.css [36m304 [0m0.474 ms - -[0m
[0mGET /lib/jquery/dist/jquery.js [36m304 [0m1.051 ms - -[0m
[0mGET /lib/bootstrap/dist/js/bootstrap.js [36m304 [0m0.793 ms - -[0m
[0mGET /lib/bootstrap/dist/css/bootstrap.css.map [36m304 [0m1.361 ms - -[0m
[0mGET /article/detail/57a175c7061ee46018f8cac0 [32m200 [0m131.087 ms - 3304[0m
[0mGET /lib/bootstrap/dist/css/bootstrap.css [36m304 [0m0.522 ms - -[0m
[0mGET /lib/jquery/dist/jquery.js [36m304 [0m0.423 ms - -[0m
[0mGET /lib/bootstrap/dist/js/bootstrap.js [36m304 [0m0.632 ms - -[0m
[0mGET /lib/bootstrap/dist/css/bootstrap.css.map [36m304 [0m0.417 ms - -[0m
[0mGET /lib/bootstrap/dist/css/bootstrap.css.map [36m304 [0m0.460 ms - -[0m
[0mGET /article/list?keyword=&pageNum=1&pageSize=5&orderBy=createAt&order=-1 [32m200 [0m20.469 ms - 6884[0m
[0mGET /lib/bootstrap/dist/css/bootstrap.css [36m304 [0m0.434 ms - -[0m
[0mGET /lib/jquery/dist/jquery.js [36m304 [0m0.326 ms - -[0m
[0mGET /lib/bootstrap/dist/js/bootstrap.js [36m304 [0m0.412 ms - -[0m
[0mGET /lib/bootstrap/dist/css/bootstrap.css.map [36m304 [0m0.612 ms - -[0m
[0mGET /article/list?keyword=&pageNum=1&pageSize=5&orderBy=createAt&order=-1 [36m304 [0m17.306 ms - -[0m
[0mGET /lib/bootstrap/dist/css/bootstrap.css [36m304 [0m3.855 ms - -[0m
[0mGET /lib/jquery/dist/jquery.js [36m304 [0m1.711 ms - -[0m
[0mGET /lib/bootstrap/dist/js/bootstrap.js [36m304 [0m1.014 ms - -[0m
[0mGET /lib/bootstrap/dist/css/bootstrap.css.map [36m304 [0m0.501 ms - -[0m
[0mGET /article/list?keyword=&pageNum=1&pageSize=5&orderBy=createAt&order=-1 [32m200 [0m23.691 ms - 6829[0m
[0mGET /lib/bootstrap/dist/css/bootstrap.css [36m304 [0m0.869 ms - -[0m
[0mGET /lib/jquery/dist/jquery.js [36m304 [0m2.441 ms - -[0m
[0mGET /lib/bootstrap/dist/js/bootstrap.js [36m304 [0m2.519 ms - -[0m
[0mGET /lib/bootstrap/dist/css/bootstrap.css.map [36m304 [0m0.929 ms - -[0m
[0mGET /article/list?keyword=&pageNum=2 [32m200 [0m10.361 ms - 5181[0m
[0mGET /lib/bootstrap/dist/css/bootstrap.css [36m304 [0m5.488 ms - -[0m
[0mGET /lib/jquery/dist/jquery.js [36m304 [0m1.354 ms - -[0m
[0mGET /lib/bootstrap/dist/js/bootstrap.js [36m304 [0m0.539 ms - -[0m
[0mGET /lib/bootstrap/dist/css/bootstrap.css.map [36m304 [0m0.814 ms - -[0m
[0mGET /article/list?keyword=&pageNum=2 [36m304 [0m22.009 ms - -[0m
[0mGET /lib/bootstrap/dist/css/bootstrap.css [36m304 [0m0.555 ms - -[0m
[0mGET /lib/jquery/dist/jquery.js [36m304 [0m2.207 ms - -[0m
[0mGET /lib/bootstrap/dist/js/bootstrap.js [36m304 [0m0.710 ms - -[0m
[0mGET /lib/bootstrap/dist/css/bootstrap.css.map [36m304 [0m0.411 ms - -[0m
[0mGET /article/list?keyword=&pageNum=2 [32m200 [0m28.906 ms - 5224[0m
[0mGET /lib/bootstrap/dist/css/bootstrap.css [36m304 [0m0.832 ms - -[0m
[0mGET /lib/jquery/dist/jquery.js [36m304 [0m0.791 ms - -[0m
[0mGET /lib/bootstrap/dist/js/bootstrap.js [36m304 [0m3.443 ms - -[0m
[0mGET /lib/bootstrap/dist/css/bootstrap.css.map [36m304 [0m0.471 ms - -[0m
[0mGET /article/list?keyword=&pageNum=2 [36m304 [0m29.482 ms - -[0m
[0mGET /lib/bootstrap/dist/css/bootstrap.css [36m304 [0m0.771 ms - -[0m
[0mGET /lib/jquery/dist/jquery.js [36m304 [0m0.634 ms - -[0m
[0mGET /lib/bootstrap/dist/js/bootstrap.js [36m304 [0m1.016 ms - -[0m
[0mGET /lib/bootstrap/dist/css/bootstrap.css.map [36m304 [0m0.713 ms - -[0m
[0mGET /article/list?keyword=&pageNum=2 [36m304 [0m19.754 ms - -[0m
[0mGET /lib/bootstrap/dist/css/bootstrap.css [36m304 [0m2.920 ms - -[0m
[0mGET /lib/jquery/dist/jquery.js [36m304 [0m0.615 ms - -[0m
[0mGET /lib/bootstrap/dist/js/bootstrap.js [36m304 [0m1.601 ms - -[0m
[0mGET /lib/bootstrap/dist/css/bootstrap.css.map [36m304 [0m0.420 ms - -[0m
[0mGET /article/list?keyword=&pageNum=2 [32m200 [0m23.732 ms - 5163[0m
[0mGET /lib/bootstrap/dist/css/bootstrap.css [36m304 [0m2.380 ms - -[0m
[0mGET /lib/jquery/dist/jquery.js [36m304 [0m0.920 ms - -[0m
[0mGET /lib/bootstrap/dist/js/bootstrap.js [36m304 [0m0.911 ms - -[0m
[0mGET /lib/bootstrap/dist/css/bootstrap.css.map [36m304 [0m0.425 ms - -[0m
[0mGET /article/list?keyword=&pageNum=2 [32m200 [0m32.187 ms - 5202[0m
[0mGET /lib/bootstrap/dist/css/bootstrap.css [36m304 [0m2.243 ms - -[0m
[0mGET /lib/jquery/dist/jquery.js [36m304 [0m0.734 ms - -[0m
[0mGET /lib/bootstrap/dist/js/bootstrap.js [36m304 [0m0.517 ms - -[0m
[0mGET /lib/bootstrap/dist/css/bootstrap.css.map [36m304 [0m0.884 ms - -[0m
[0mGET /article/list?keyword=&pageNum=1&pageSize=5 [32m200 [0m25.760 ms - 6850[0m
[0mGET /lib/bootstrap/dist/css/bootstrap.css [36m304 [0m0.529 ms - -[0m
[0mGET /lib/jquery/dist/jquery.js [36m304 [0m2.758 ms - -[0m
[0mGET /lib/bootstrap/dist/js/bootstrap.js [36m304 [0m1.540 ms - -[0m
[0mGET /lib/bootstrap/dist/css/bootstrap.css.map [36m304 [0m0.650 ms - -[0m
[0mGET /article/list?keyword=&pageNum=2&pageSize=5 [32m200 [0m20.516 ms - 5202[0m
[0mGET /lib/bootstrap/dist/css/bootstrap.css [36m304 [0m0.511 ms - -[0m
[0mGET /lib/jquery/dist/jquery.js [36m304 [0m0.491 ms - -[0m
[0mGET /lib/bootstrap/dist/js/bootstrap.js [36m304 [0m0.845 ms - -[0m
[0mGET /lib/bootstrap/dist/css/bootstrap.css.map [36m304 [0m0.667 ms - -[0m
[0mGET /article/list?keyword=&pageNum=2&pageSize=15 [32m200 [0m4.536 ms - 4002[0m
[0mGET /lib/bootstrap/dist/css/bootstrap.css [36m304 [0m0.468 ms - -[0m
[0mGET /lib/jquery/dist/jquery.js [36m304 [0m0.756 ms - -[0m
[0mGET /lib/bootstrap/dist/js/bootstrap.js [36m304 [0m1.693 ms - -[0m
[0mGET /lib/bootstrap/dist/css/bootstrap.css.map [36m304 [0m0.456 ms - -[0m
[0mGET /article/list?keyword=&pageNum=1&pageSize=15 [32m200 [0m1107.070 ms - 7691[0m
[0mGET /lib/bootstrap/dist/css/bootstrap.css [36m304 [0m1.431 ms - -[0m
[0mGET /lib/jquery/dist/jquery.js [36m304 [0m0.840 ms - -[0m
[0mGET /lib/bootstrap/dist/js/bootstrap.js [36m304 [0m0.976 ms - -[0m
[0mGET /lib/bootstrap/dist/css/bootstrap.css.map [36m304 [0m0.741 ms - -[0m
[0mGET /article/list?keyword=&pageNum=1&pageSize=15 [32m200 [0m26.170 ms - 7712[0m
[0mGET /lib/bootstrap/dist/css/bootstrap.css [36m304 [0m1.012 ms - -[0m
[0mGET /lib/jquery/dist/jquery.js [36m304 [0m1.271 ms - -[0m
[0mGET /lib/bootstrap/dist/js/bootstrap.js [36m304 [0m1.077 ms - -[0m
[0mGET /lib/bootstrap/dist/css/bootstrap.css.map [36m304 [0m0.574 ms - -[0m
[0mGET /article/list?keyword=&pageNum=1&pageSize=15 [36m304 [0m15.020 ms - -[0m
[0mGET /lib/bootstrap/dist/css/bootstrap.css [36m304 [0m0.521 ms - -[0m
[0mGET /lib/jquery/dist/jquery.js [36m304 [0m1.368 ms - -[0m
[0mGET /lib/bootstrap/dist/js/bootstrap.js [36m304 [0m1.165 ms - -[0m
[0mGET /lib/bootstrap/dist/css/bootstrap.css.map [36m304 [0m2.537 ms - -[0m
[0mGET /article/list?keyword=&pageNum=1&pageSize=15 [32m200 [0m23.391 ms - 7707[0m
[0mGET /lib/bootstrap/dist/css/bootstrap.css [36m304 [0m1.262 ms - -[0m
[0mGET /lib/jquery/dist/jquery.js [36m304 [0m2.100 ms - -[0m
[0mGET /lib/bootstrap/dist/js/bootstrap.js [36m304 [0m7.391 ms - -[0m
[0mGET /lib/bootstrap/dist/css/bootstrap.css.map [36m304 [0m0.582 ms - -[0m
[0mGET /article/list?keyword=&pageNum=1&pageSize=15 [36m304 [0m25.198 ms - -[0m
[0mGET /lib/bootstrap/dist/css/bootstrap.css [36m304 [0m0.934 ms - -[0m
[0mGET /lib/jquery/dist/jquery.js [36m304 [0m0.783 ms - -[0m
[0mGET /lib/bootstrap/dist/js/bootstrap.js [36m304 [0m1.060 ms - -[0m
[0mGET /lib/bootstrap/dist/css/bootstrap.css.map [36m304 [0m0.487 ms - -[0m
[0mGET /article/list?keyword=&pageNum=1&pageSize=15 [32m200 [0m17.514 ms - 7691[0m
[0mGET /lib/bootstrap/dist/css/bootstrap.css [36m304 [0m1.642 ms - -[0m
[0mGET /lib/jquery/dist/jquery.js [36m304 [0m1.360 ms - -[0m
[0mGET /lib/bootstrap/dist/js/bootstrap.js [36m304 [0m2.122 ms - -[0m
[0mGET /lib/bootstrap/dist/css/bootstrap.css.map [36m304 [0m1.645 ms - -[0m
[0mGET /article/list?keyword=&pageNum=1&pageSize=5 [36m304 [0m13.080 ms - -[0m
[0mGET /lib/bootstrap/dist/css/bootstrap.css [36m304 [0m0.956 ms - -[0m
[0mGET /lib/jquery/dist/jquery.js [36m304 [0m5.862 ms - -[0m
[0mGET /lib/bootstrap/dist/js/bootstrap.js [36m304 [0m5.649 ms - -[0m
[0mGET /lib/bootstrap/dist/css/bootstrap.css.map [36m304 [0m1.501 ms - -[0m
[0mGET /article/list?keyword=&pageNum=1&pageSize=5 [32m200 [0m47.579 ms - 6829[0m
[0mGET /lib/bootstrap/dist/css/bootstrap.css [36m304 [0m0.650 ms - -[0m
[0mGET /lib/jquery/dist/jquery.js [36m304 [0m0.677 ms - -[0m
[0mGET /lib/bootstrap/dist/js/bootstrap.js [36m304 [0m0.564 ms - -[0m
[0mGET /lib/bootstrap/dist/css/bootstrap.css.map [36m304 [0m1.240 ms - -[0m
[0mGET /article/list?keyword=&pageNum=2 [32m200 [0m10.460 ms - 5181[0m
[0mGET /lib/bootstrap/dist/css/bootstrap.css [36m304 [0m0.453 ms - -[0m
[0mGET /lib/jquery/dist/jquery.js [36m304 [0m10.806 ms - -[0m
[0mGET /lib/bootstrap/dist/js/bootstrap.js [36m304 [0m9.632 ms - -[0m
[0mGET /lib/bootstrap/dist/css/bootstrap.css.map [36m304 [0m0.430 ms - -[0m
[0mGET /article/list?keyword=&pageNum=1 [32m200 [0m12.579 ms - 6829[0m
[0mGET /lib/bootstrap/dist/css/bootstrap.css [36m304 [0m2.409 ms - -[0m
[0mGET /lib/jquery/dist/jquery.js [36m304 [0m1.715 ms - -[0m
[0mGET /lib/bootstrap/dist/js/bootstrap.js [36m304 [0m4.082 ms - -[0m
[0mGET /lib/bootstrap/dist/css/bootstrap.css.map [36m304 [0m0.435 ms - -[0m
[0mGET /article/list?keyword=&pageNum=2 [36m304 [0m14.081 ms - -[0m
[0mGET /lib/bootstrap/dist/css/bootstrap.css [36m304 [0m0.512 ms - -[0m
[0mGET /lib/jquery/dist/jquery.js [36m304 [0m0.403 ms - -[0m
[0mGET /lib/bootstrap/dist/js/bootstrap.js [36m304 [0m0.389 ms - -[0m
[0mGET /lib/bootstrap/dist/css/bootstrap.css.map [36m304 [0m0.409 ms - -[0m
[0mGET /article/list?keyword=&pageNum=2 [32m200 [0m23.188 ms - 5202[0m
[0mGET /lib/bootstrap/dist/css/bootstrap.css [36m304 [0m2.613 ms - -[0m
[0mGET /lib/jquery/dist/jquery.js [36m304 [0m0.641 ms - -[0m
[0mGET /lib/bootstrap/dist/js/bootstrap.js [36m304 [0m2.413 ms - -[0m
[0mGET /lib/bootstrap/dist/css/bootstrap.css.map [36m304 [0m0.399 ms - -[0m
[0mGET /article/list?keyword=&pageNum=2 [32m200 [0m18.826 ms - 5195[0m
[0mGET /lib/bootstrap/dist/css/bootstrap.css [36m304 [0m0.544 ms - -[0m
[0mGET /lib/jquery/dist/jquery.js [36m304 [0m0.752 ms - -[0m
[0mGET /lib/bootstrap/dist/js/bootstrap.js [36m304 [0m1.176 ms - -[0m
[0mGET /lib/bootstrap/dist/css/bootstrap.css.map [36m304 [0m0.636 ms - -[0m
[0mGET /article/list?keyword=&pageNum=2 [32m200 [0m10.301 ms - 5199[0m
[0mGET /lib/bootstrap/dist/css/bootstrap.css [36m304 [0m0.661 ms - -[0m
[0mGET /lib/jquery/dist/jquery.js [36m304 [0m0.577 ms - -[0m
[0mGET /lib/bootstrap/dist/js/bootstrap.js [36m304 [0m0.627 ms - -[0m
[0mGET /lib/bootstrap/dist/css/bootstrap.css.map [36m304 [0m1.691 ms - -[0m
[0mGET /article/list?keyword=&pageNum=1 [32m200 [0m13.195 ms - 6847[0m
[0mGET /lib/bootstrap/dist/css/bootstrap.css [36m304 [0m1.255 ms - -[0m
[0mGET /lib/jquery/dist/jquery.js [36m304 [0m0.430 ms - -[0m
[0mGET /lib/bootstrap/dist/js/bootstrap.js [36m304 [0m0.416 ms - -[0m
[0mGET /lib/bootstrap/dist/css/bootstrap.css.map [36m304 [0m0.413 ms - -[0m
[0mGET /article/list?keyword=&pageNum=2 [36m304 [0m20.381 ms - -[0m
[0mGET /lib/bootstrap/dist/css/bootstrap.css [36m304 [0m0.645 ms - -[0m
[0mGET /lib/jquery/dist/jquery.js [36m304 [0m0.524 ms - -[0m
[0mGET /lib/bootstrap/dist/js/bootstrap.js [36m304 [0m0.798 ms - -[0m
[0mGET /lib/bootstrap/dist/css/bootstrap.css.map [36m304 [0m0.651 ms - -[0m
[0mGET /article/list?keyword=&pageNum=2 [32m200 [0m10.430 ms - 5159[0m
[0mGET /lib/bootstrap/dist/css/bootstrap.css [36m304 [0m8.872 ms - -[0m
[0mGET /lib/jquery/dist/jquery.js [36m304 [0m1.158 ms - -[0m
[0mGET /lib/bootstrap/dist/js/bootstrap.js [36m304 [0m0.849 ms - -[0m
[0mGET /lib/bootstrap/dist/css/bootstrap.css.map [36m304 [0m0.401 ms - -[0m
[0mGET /article/list?keyword=&pageNum=1 [32m200 [0m15.600 ms - 6807[0m
[0mGET /lib/bootstrap/dist/css/bootstrap.css [36m304 [0m2.544 ms - -[0m
[0mGET /lib/jquery/dist/jquery.js [36m304 [0m0.417 ms - -[0m
[0mGET /lib/bootstrap/dist/js/bootstrap.js [36m304 [0m0.414 ms - -[0m
[0mGET /lib/bootstrap/dist/css/bootstrap.css.map [36m304 [0m2.942 ms - -[0m
[0mGET /article/list?keyword=&pageNum=2 [36m304 [0m14.219 ms - -[0m
[0mGET /lib/bootstrap/dist/css/bootstrap.css [36m304 [0m2.145 ms - -[0m
[0mGET /lib/jquery/dist/jquery.js [36m304 [0m1.735 ms - -[0m
[0mGET /lib/bootstrap/dist/js/bootstrap.js [36m304 [0m0.850 ms - -[0m
[0mGET /lib/bootstrap/dist/css/bootstrap.css.map [36m304 [0m0.555 ms - -[0m
[0mGET /article/list?keyword=&pageNum=2 [32m200 [0m12.329 ms - 5170[0m
[0mGET /lib/bootstrap/dist/css/bootstrap.css [36m304 [0m0.558 ms - -[0m
[0mGET /lib/jquery/dist/jquery.js [36m304 [0m0.850 ms - -[0m
[0mGET /lib/bootstrap/dist/js/bootstrap.js [36m304 [0m0.771 ms - -[0m
[0mGET /lib/bootstrap/dist/css/bootstrap.css.map [36m304 [0m0.601 ms - -[0m
[0mGET /article/list?keyword=&pageNum=1 [32m200 [0m18.958 ms - 6818[0m
[0mGET /lib/bootstrap/dist/css/bootstrap.css [36m304 [0m0.729 ms - -[0m
[0mGET /lib/jquery/dist/jquery.js [36m304 [0m3.075 ms - -[0m
[0mGET /lib/bootstrap/dist/js/bootstrap.js [36m304 [0m1.481 ms - -[0m
[0mGET /lib/bootstrap/dist/css/bootstrap.css.map [36m304 [0m0.427 ms - -[0m
[0mGET /article/list?keyword=&pageNum=2 [36m304 [0m16.092 ms - -[0m
[0mGET /lib/bootstrap/dist/css/bootstrap.css [36m304 [0m0.720 ms - -[0m
[0mGET /lib/jquery/dist/jquery.js [36m304 [0m0.557 ms - -[0m
[0mGET /lib/bootstrap/dist/js/bootstrap.js [36m304 [0m0.725 ms - -[0m
[0mGET /lib/bootstrap/dist/css/bootstrap.css.map [36m304 [0m0.586 ms - -[0m
[0mGET /article/list?keyword=&pageNum=1 [36m304 [0m15.882 ms - -[0m
[0mGET /lib/bootstrap/dist/css/bootstrap.css [36m304 [0m1.191 ms - -[0m
[0mGET /lib/jquery/dist/jquery.js [36m304 [0m4.100 ms - -[0m
[0mGET /lib/bootstrap/dist/js/bootstrap.js [36m304 [0m2.865 ms - -[0m
[0mGET /article/add [32m200 [0m24.022 ms - 3148[0m
[0mGET /lib/bootstrap/dist/css/bootstrap.css [36m304 [0m1.064 ms - -[0m
[0mGET /lib/jquery/dist/jquery.js [36m304 [0m1.121 ms - -[0m
[0mGET /lib/bootstrap/dist/js/bootstrap.js [36m304 [0m0.493 ms - -[0m
[0mGET /lib/bootstrap/dist/fonts/glyphicons-halflings-regular.woff2 [36m304 [0m0.475 ms - -[0m
[0mGET / [36m302 [0m12.258 ms - 68[0m
[0mGET /article/list [32m200 [0m7.989 ms - 6818[0m
[0mGET /lib/bootstrap/dist/css/bootstrap.css [36m304 [0m2.327 ms - -[0m
[0mGET /lib/jquery/dist/jquery.js [36m304 [0m0.363 ms - -[0m
[0mGET /lib/bootstrap/dist/js/bootstrap.js [36m304 [0m0.417 ms - -[0m
[0mGET /article/list?keyword=&pageNum=2 [36m304 [0m19.886 ms - -[0m
[0mGET /lib/bootstrap/dist/css/bootstrap.css [36m304 [0m0.720 ms - -[0m
[0mGET /lib/jquery/dist/jquery.js [36m304 [0m0.429 ms - -[0m
[0mGET /lib/bootstrap/dist/js/bootstrap.js [36m304 [0m0.389 ms - -[0m
[0mGET / [36m302 [0m24.383 ms - 68[0m
[0mGET /article/list [36m304 [0m65.382 ms - -[0m
[0mGET /lib/bootstrap/dist/css/bootstrap.css [36m304 [0m2.358 ms - -[0m
[0mGET /lib/jquery/dist/jquery.js [36m304 [0m1.426 ms - -[0m
[0mGET /lib/bootstrap/dist/js/bootstrap.js [36m304 [0m2.008 ms - -[0m
[0mGET /article/add [36m304 [0m19.916 ms - -[0m
[0mGET /lib/bootstrap/dist/css/bootstrap.css [36m304 [0m2.981 ms - -[0m
[0mGET /lib/jquery/dist/jquery.js [36m304 [0m0.617 ms - -[0m
[0mGET /lib/bootstrap/dist/js/bootstrap.js [36m304 [0m0.502 ms - -[0m
[0mGET /lib/bootstrap/dist/fonts/glyphicons-halflings-regular.woff2 [36m304 [0m1.208 ms - -[0m
[0mGET /article/add [36m304 [0m15.395 ms - -[0m
[0mGET /lib/bootstrap/dist/css/bootstrap.css [36m304 [0m1.254 ms - -[0m
[0mGET /lib/jquery/dist/jquery.js [36m304 [0m1.005 ms - -[0m
[0mGET /lib/bootstrap/dist/js/bootstrap.js [36m304 [0m0.937 ms - -[0m
[0mGET /lib/bootstrap/dist/fonts/glyphicons-halflings-regular.woff2 [36m304 [0m1.325 ms - -[0m
[0mGET /article/add [36m304 [0m5.187 ms - -[0m
[0mGET /lib/bootstrap/dist/css/bootstrap.css [36m304 [0m0.794 ms - -[0m
[0mGET /lib/jquery/dist/jquery.js [36m304 [0m0.534 ms - -[0m
[0mGET /lib/bootstrap/dist/js/bootstrap.js [36m304 [0m0.741 ms - -[0m
[0mGET /lib/bootstrap/dist/fonts/glyphicons-halflings-regular.woff2 [36m304 [0m0.993 ms - -[0m
[0mPOST /article/add [36m302 [0m125.440 ms - 46[0m
[0mGET / [36m302 [0m3.257 ms - 68[0m
[0mGET /article/list [32m200 [0m30.343 ms - 6809[0m
[0mGET /lib/bootstrap/dist/css/bootstrap.css [36m304 [0m0.598 ms - -[0m
[0mGET /lib/jquery/dist/jquery.js [36m304 [0m0.503 ms - -[0m
[0mGET /lib/bootstrap/dist/js/bootstrap.js [36m304 [0m0.466 ms - -[0m
[0mGET /article/list?keyword=&pageNum=2 [32m200 [0m17.349 ms - 5722[0m
[0mGET /lib/bootstrap/dist/css/bootstrap.css [36m304 [0m0.566 ms - -[0m
[0mGET /lib/jquery/dist/jquery.js [36m304 [0m0.417 ms - -[0m
[0mGET /lib/bootstrap/dist/js/bootstrap.js [36m304 [0m0.471 ms - -[0m
[0mGET /article/list?keyword=&pageNum=1 [32m200 [0m16.578 ms - 6809[0m
[0mGET /lib/bootstrap/dist/css/bootstrap.css [36m304 [0m1.202 ms - -[0m
[0mGET /lib/jquery/dist/jquery.js [36m304 [0m1.737 ms - -[0m
[0mGET /lib/bootstrap/dist/js/bootstrap.js [36m304 [0m1.492 ms - -[0m
[0mGET /article/list?keyword=&pageNum=2 [36m304 [0m16.917 ms - -[0m
[0mGET /lib/bootstrap/dist/css/bootstrap.css [36m304 [0m3.275 ms - -[0m
[0mGET /lib/jquery/dist/jquery.js [36m304 [0m1.240 ms - -[0m
[0mGET /lib/bootstrap/dist/js/bootstrap.js [36m304 [0m2.238 ms - -[0m
[0mGET / [36m302 [0m4.565 ms - 68[0m
[0mGET /article/list [36m304 [0m20.379 ms - -[0m
[0mGET /lib/bootstrap/dist/css/bootstrap.css [36m304 [0m1.065 ms - -[0m
[0mGET /lib/jquery/dist/jquery.js [36m304 [0m1.091 ms - -[0m
[0mGET /lib/bootstrap/dist/js/bootstrap.js [36m304 [0m3.059 ms - -[0m
[0mGET /article/list?keyword=&pageNum=2 [36m304 [0m13.522 ms - -[0m
[0mGET /lib/bootstrap/dist/css/bootstrap.css [36m304 [0m0.457 ms - -[0m
[0mGET /lib/jquery/dist/jquery.js [36m304 [0m0.990 ms - -[0m
[0mGET /lib/bootstrap/dist/js/bootstrap.js [36m304 [0m0.938 ms - -[0m
[0mGET /article/add [32m200 [0m14.571 ms - 3148[0m
[0mGET /lib/bootstrap/dist/css/bootstrap.css [36m304 [0m0.955 ms - -[0m
[0mGET /lib/jquery/dist/jquery.js [36m304 [0m1.447 ms - -[0m
[0mGET /lib/bootstrap/dist/js/bootstrap.js [36m304 [0m2.264 ms - -[0m
[0mGET /lib/bootstrap/dist/fonts/glyphicons-halflings-regular.woff2 [36m304 [0m1.423 ms - -[0m
[0mPOST /article/add [36m302 [0m7.993 ms - 46[0m
[0mGET / [36m302 [0m3.593 ms - 68[0m
[0mGET /article/list [32m200 [0m13.365 ms - 6813[0m
[0mGET /lib/bootstrap/dist/css/bootstrap.css [36m304 [0m1.248 ms - -[0m
[0mGET /lib/jquery/dist/jquery.js [36m304 [0m0.404 ms - -[0m
[0mGET /lib/bootstrap/dist/js/bootstrap.js [36m304 [0m0.405 ms - -[0m
